2026-02-07 00:10:59 - Proses started
2026-02-07 00:12:14 - Proses started
2026-02-07 00:12:40 - Proses started
2026-02-07 00:15:22 - Proses started
2026-02-07 00:15:32 - Proses started
2026-02-07 00:18:30 - Proses started
2026-02-07 00:26:47 - Proses insert to DB started
2026-02-07 00:28:34 - Proses insert to DB started
2026-02-07 00:31:21 - Proses insert to DB started
2026-02-07 00:32:36 - Proses insert to DB started
2026-02-07 00:37:45 - Proses insert to DB started
2026-02-07 00:41:09 - Proses insert to DB started
2026-02-07 00:41:57 - Proses insert to DB started
2026-02-07 00:42:47 - Proses insert to DB started
2026-02-07 00:44:15 - Proses insert to DB started
2026-02-07 00:50:17 - Proses insert to DB started
2026-02-07 01:20:47 - Proses insert to DB started
2026-02-07 01:21:04 [session:1770394598-fac6fa137a6b23a4e882365d9615ae04-012038-3b52] Status belum siap untuk analisa: selesai
2026-02-07 01:24:01 - Proses insert to DB started
2026-02-07 01:24:11 [session:1770394598-fac6fa137a6b23a4e882365d9615ae04] delin_14.xlsx: file tidak ditemukan
2026-02-07 01:24:11 [session:1770394598-fac6fa137a6b23a4e882365d9615ae04] deln_21.xlsx: file tidak ditemukan
2026-02-07 01:25:00 - Proses insert to DB started
2026-02-07 01:25:09 [session:1770394598-fac6fa137a6b23a4e882365d9615ae04] delin_14.xlsx: file tidak ditemukan
2026-02-07 01:25:09 [session:1770394598-fac6fa137a6b23a4e882365d9615ae04] deln_21.xlsx: file tidak ditemukan
2026-02-07 01:27:02 - Proses insert to DB started
2026-02-07 01:28:27 - Proses insert to DB started
2026-02-07 01:32:39 - Proses insert to DB started
2026-02-07 01:36:29 [session:1770394598-fac6fa137a6b23a4e882365d9615ae04] delin_14.xlsx: data tidak ditemukan di DB
2026-02-07 01:36:29 [session:1770394598-fac6fa137a6b23a4e882365d9615ae04] deln_21.xlsx: data tidak ditemukan di DB
2026-02-07 01:38:49 - Proses insert to DB started
